2017-10-31 16:26 +08:00: Error: Cannot find module 'express'
    at Function.Module._resolveFilename (module.js:513:15)
    at Function.Module._load (module.js:463:25)
    at Module.require (module.js:556:17)
    at require (internal/module.js:11:18)
    at Object.<anonymous> (/root/trialect/server/app.js:1:77)
    at Module._compile (module.js:612:30)
    at Object.Module._extensions..js (module.js:623:10)
    at Module.load (module.js:531:32)
    at tryModuleLoad (module.js:494:12)
    at Function.Module._load (module.js:486:3)
2017-10-31 16:26 +08:00: Error: Cannot find module 'express'
    at Function.Module._resolveFilename (module.js:513:15)
    at Function.Module._load (module.js:463:25)
    at Module.require (module.js:556:17)
    at require (internal/module.js:11:18)
    at Object.<anonymous> (/root/trialect/server/app.js:1:77)
    at Module._compile (module.js:612:30)
    at Object.Module._extensions..js (module.js:623:10)
    at Module.load (module.js:531:32)
    at tryModuleLoad (module.js:494:12)
    at Function.Module._load (module.js:486:3)
2017-10-31 16:26 +08:00: Error: Cannot find module 'express'
    at Function.Module._resolveFilename (module.js:513:15)
    at Function.Module._load (module.js:463:25)
    at Module.require (module.js:556:17)
    at require (internal/module.js:11:18)
    at Object.<anonymous> (/root/trialect/server/app.js:1:77)
    at Module._compile (module.js:612:30)
    at Object.Module._extensions..js (module.js:623:10)
    at Module.load (module.js:531:32)
    at tryModuleLoad (module.js:494:12)
    at Function.Module._load (module.js:486:3)
2017-10-31 16:26 +08:00: Error: Cannot find module 'express'
    at Function.Module._resolveFilename (module.js:513:15)
    at Function.Module._load (module.js:463:25)
    at Module.require (module.js:556:17)
    at require (internal/module.js:11:18)
    at Object.<anonymous> (/root/trialect/server/app.js:1:77)
    at Module._compile (module.js:612:30)
    at Object.Module._extensions..js (module.js:623:10)
    at Module.load (module.js:531:32)
    at tryModuleLoad (module.js:494:12)
    at Function.Module._load (module.js:486:3)
2017-10-31 16:26 +08:00: Error: Cannot find module 'express'
    at Function.Module._resolveFilename (module.js:513:15)
    at Function.Module._load (module.js:463:25)
    at Module.require (module.js:556:17)
    at require (internal/module.js:11:18)
    at Object.<anonymous> (/root/trialect/server/app.js:1:77)
    at Module._compile (module.js:612:30)
    at Object.Module._extensions..js (module.js:623:10)
    at Module.load (module.js:531:32)
    at tryModuleLoad (module.js:494:12)
    at Function.Module._load (module.js:486:3)
2017-10-31 16:26 +08:00: Error: Cannot find module 'express'
    at Function.Module._resolveFilename (module.js:513:15)
    at Function.Module._load (module.js:463:25)
    at Module.require (module.js:556:17)
    at require (internal/module.js:11:18)
    at Object.<anonymous> (/root/trialect/server/app.js:1:77)
    at Module._compile (module.js:612:30)
    at Object.Module._extensions..js (module.js:623:10)
    at Module.load (module.js:531:32)
    at tryModuleLoad (module.js:494:12)
    at Function.Module._load (module.js:486:3)
2017-10-31 16:26 +08:00: Error: Cannot find module 'express'
    at Function.Module._resolveFilename (module.js:513:15)
    at Function.Module._load (module.js:463:25)
    at Module.require (module.js:556:17)
    at require (internal/module.js:11:18)
    at Object.<anonymous> (/root/trialect/server/app.js:1:77)
    at Module._compile (module.js:612:30)
    at Object.Module._extensions..js (module.js:623:10)
    at Module.load (module.js:531:32)
    at tryModuleLoad (module.js:494:12)
    at Function.Module._load (module.js:486:3)
2017-10-31 16:26 +08:00: Error: Cannot find module 'express'
    at Function.Module._resolveFilename (module.js:513:15)
    at Function.Module._load (module.js:463:25)
    at Module.require (module.js:556:17)
    at require (internal/module.js:11:18)
    at Object.<anonymous> (/root/trialect/server/app.js:1:77)
    at Module._compile (module.js:612:30)
    at Object.Module._extensions..js (module.js:623:10)
    at Module.load (module.js:531:32)
    at tryModuleLoad (module.js:494:12)
    at Function.Module._load (module.js:486:3)
2017-10-31 16:26 +08:00: Error: Cannot find module 'express'
    at Function.Module._resolveFilename (module.js:513:15)
    at Function.Module._load (module.js:463:25)
    at Module.require (module.js:556:17)
    at require (internal/module.js:11:18)
    at Object.<anonymous> (/root/trialect/server/app.js:1:77)
    at Module._compile (module.js:612:30)
    at Object.Module._extensions..js (module.js:623:10)
    at Module.load (module.js:531:32)
    at tryModuleLoad (module.js:494:12)
    at Function.Module._load (module.js:486:3)
2017-10-31 16:26 +08:00: Error: Cannot find module 'express'
    at Function.Module._resolveFilename (module.js:513:15)
    at Function.Module._load (module.js:463:25)
    at Module.require (module.js:556:17)
    at require (internal/module.js:11:18)
    at Object.<anonymous> (/root/trialect/server/app.js:1:77)
    at Module._compile (module.js:612:30)
    at Object.Module._extensions..js (module.js:623:10)
    at Module.load (module.js:531:32)
    at tryModuleLoad (module.js:494:12)
    at Function.Module._load (module.js:486:3)
2017-10-31 16:26 +08:00: Error: Cannot find module 'express'
    at Function.Module._resolveFilename (module.js:513:15)
    at Function.Module._load (module.js:463:25)
    at Module.require (module.js:556:17)
    at require (internal/module.js:11:18)
    at Object.<anonymous> (/root/trialect/server/app.js:1:77)
    at Module._compile (module.js:612:30)
    at Object.Module._extensions..js (module.js:623:10)
    at Module.load (module.js:531:32)
    at tryModuleLoad (module.js:494:12)
    at Function.Module._load (module.js:486:3)
2017-10-31 16:26 +08:00: Error: Cannot find module 'express'
    at Function.Module._resolveFilename (module.js:513:15)
    at Function.Module._load (module.js:463:25)
    at Module.require (module.js:556:17)
    at require (internal/module.js:11:18)
    at Object.<anonymous> (/root/trialect/server/app.js:1:77)
    at Module._compile (module.js:612:30)
    at Object.Module._extensions..js (module.js:623:10)
    at Module.load (module.js:531:32)
    at tryModuleLoad (module.js:494:12)
    at Function.Module._load (module.js:486:3)
2017-10-31 16:26 +08:00: Error: Cannot find module 'express'
    at Function.Module._resolveFilename (module.js:513:15)
    at Function.Module._load (module.js:463:25)
    at Module.require (module.js:556:17)
    at require (internal/module.js:11:18)
    at Object.<anonymous> (/root/trialect/server/app.js:1:77)
    at Module._compile (module.js:612:30)
    at Object.Module._extensions..js (module.js:623:10)
    at Module.load (module.js:531:32)
    at tryModuleLoad (module.js:494:12)
    at Function.Module._load (module.js:486:3)
2017-10-31 16:26 +08:00: Error: Cannot find module 'express'
    at Function.Module._resolveFilename (module.js:513:15)
    at Function.Module._load (module.js:463:25)
    at Module.require (module.js:556:17)
    at require (internal/module.js:11:18)
    at Object.<anonymous> (/root/trialect/server/app.js:1:77)
    at Module._compile (module.js:612:30)
    at Object.Module._extensions..js (module.js:623:10)
    at Module.load (module.js:531:32)
    at tryModuleLoad (module.js:494:12)
    at Function.Module._load (module.js:486:3)
2017-10-31 16:26 +08:00: Error: Cannot find module 'express'
    at Function.Module._resolveFilename (module.js:513:15)
    at Function.Module._load (module.js:463:25)
    at Module.require (module.js:556:17)
    at require (internal/module.js:11:18)
    at Object.<anonymous> (/root/trialect/server/app.js:1:77)
    at Module._compile (module.js:612:30)
    at Object.Module._extensions..js (module.js:623:10)
    at Module.load (module.js:531:32)
    at tryModuleLoad (module.js:494:12)
    at Function.Module._load (module.js:486:3)
2017-10-31 16:26 +08:00: Error: Cannot find module 'express'
    at Function.Module._resolveFilename (module.js:513:15)
    at Function.Module._load (module.js:463:25)
    at Module.require (module.js:556:17)
    at require (internal/module.js:11:18)
    at Object.<anonymous> (/root/trialect/server/app.js:1:77)
    at Module._compile (module.js:612:30)
    at Object.Module._extensions..js (module.js:623:10)
    at Module.load (module.js:531:32)
    at tryModuleLoad (module.js:494:12)
    at Function.Module._load (module.js:486:3)
